[0m[1mmodule.ecr.data.aws_region.current: Reading...[0m[0m
[0m[1mmodule.ecr.data.aws_partition.current: Reading...[0m[0m
[0m[1mmodule.ecr.data.aws_caller_identity.current: Reading...[0m[0m
[0m[1mmodule.s3_backend.aws_s3_bucket.terraform_state: Refreshing state... [id=terraform-state-bucket-6590][0m
[0m[1mmodule.ecr.data.aws_region.current: Read complete after 0s [id=eu-west-1][0m
[0m[1mmodule.ecr.data.aws_partition.current: Read complete after 0s [id=aws][0m
[0m[1mmodule.ecr.data.aws_caller_identity.current: Read complete after 0s [id=460589479898][0m

Terraform used the selected providers to generate the following execution
plan. Resource actions are indicated with the following symbols:
  [32m+[0m create[0m

Terraform will perform the following actions:

[1m  # module.ecr.aws_ecr_registry_policy.example[0m will be created
[0m  [32m+[0m[0m resource "aws_ecr_registry_policy" "example" {
      [32m+[0m[0m id          = (known after apply)
      [32m+[0m[0m policy      = jsonencode(
            {
              [32m+[0m[0m Statement = [
                  [32m+[0m[0m {
                      [32m+[0m[0m Action    = [
                          [32m+[0m[0m "ecr:ReplicateImage",
                        ]
                      [32m+[0m[0m Effect    = "Allow"
                      [32m+[0m[0m Principal = {
                          [32m+[0m[0m AWS = "arn:aws:iam::460589479898:root"
                        }
                      [32m+[0m[0m Resource  = [
                          [32m+[0m[0m "arn:aws:ecr:eu-west-1:460589479898:repository/*",
                        ]
                      [32m+[0m[0m Sid       = "testpolicy"
                    },
                ]
              [32m+[0m[0m Version   = "2012-10-17"
            }
        )
      [32m+[0m[0m region      = "eu-west-1"
      [32m+[0m[0m registry_id = (known after apply)
    }

[1m  # module.ecr.aws_ecr_repository.ecr[0m will be created
[0m  [32m+[0m[0m resource "aws_ecr_repository" "ecr" {
      [32m+[0m[0m arn                  = (known after apply)
      [32m+[0m[0m id                   = (known after apply)
      [32m+[0m[0m image_tag_mutability = "MUTABLE"
      [32m+[0m[0m name                 = "lesson-5-ecr"
      [32m+[0m[0m region               = "eu-west-1"
      [32m+[0m[0m registry_id          = (known after apply)
      [32m+[0m[0m repository_url       = (known after apply)
      [32m+[0m[0m tags                 = {
          [32m+[0m[0m "Name" = "lesson-5-ecr"
        }
      [32m+[0m[0m tags_all             = {
          [32m+[0m[0m "Name" = "lesson-5-ecr"
        }

      [32m+[0m[0m encryption_configuration {
          [32m+[0m[0m encryption_type = "AES256"
          [32m+[0m[0m kms_key         = (known after apply)
        }

      [32m+[0m[0m image_scanning_configuration {
          [32m+[0m[0m scan_on_push = true
        }
    }

[1m  # module.s3_backend.aws_dynamodb_table.terraform_locks[0m will be created
[0m  [32m+[0m[0m resource "aws_dynamodb_table" "terraform_locks" {
      [32m+[0m[0m arn              = (known after apply)
      [32m+[0m[0m billing_mode     = "PAY_PER_REQUEST"
      [32m+[0m[0m hash_key         = "LockID"
      [32m+[0m[0m id               = (known after apply)
      [32m+[0m[0m name             = "terraform-locks"
      [32m+[0m[0m read_capacity    = (known after apply)
      [32m+[0m[0m region           = "eu-west-1"
      [32m+[0m[0m stream_arn       = (known after apply)
      [32m+[0m[0m stream_label     = (known after apply)
      [32m+[0m[0m stream_view_type = (known after apply)
      [32m+[0m[0m tags             = {
          [32m+[0m[0m "Environment" = "lesson-5"
          [32m+[0m[0m "Name"        = "Terraform Lock Table"
        }
      [32m+[0m[0m tags_all         = {
          [32m+[0m[0m "Environment" = "lesson-5"
          [32m+[0m[0m "Name"        = "Terraform Lock Table"
        }
      [32m+[0m[0m write_capacity   = (known after apply)

      [32m+[0m[0m attribute {
          [32m+[0m[0m name = "LockID"
          [32m+[0m[0m type = "S"
        }

      [32m+[0m[0m global_secondary_index (known after apply)

      [32m+[0m[0m global_table_witness (known after apply)

      [32m+[0m[0m point_in_time_recovery (known after apply)

      [32m+[0m[0m server_side_encryption (known after apply)

      [32m+[0m[0m ttl (known after apply)

      [32m+[0m[0m warm_throughput (known after apply)
    }

[1m  # module.s3_backend.aws_s3_bucket_ownership_controls.terraform_state_ownership[0m will be created
[0m  [32m+[0m[0m resource "aws_s3_bucket_ownership_controls" "terraform_state_ownership" {
      [32m+[0m[0m bucket = "terraform-state-bucket-6590"
      [32m+[0m[0m id     = (known after apply)
      [32m+[0m[0m region = "eu-west-1"

      [32m+[0m[0m rule {
          [32m+[0m[0m object_ownership = "BucketOwnerEnforced"
        }
    }

[1m  # module.s3_backend.aws_s3_bucket_public_access_block.terraform_state[0m will be created
[0m  [32m+[0m[0m resource "aws_s3_bucket_public_access_block" "terraform_state" {
      [32m+[0m[0m block_public_acls       = true
      [32m+[0m[0m block_public_policy     = true
      [32m+[0m[0m bucket                  = "terraform-state-bucket-6590"
      [32m+[0m[0m id                      = (known after apply)
      [32m+[0m[0m ignore_public_acls      = true
      [32m+[0m[0m region                  = "eu-west-1"
      [32m+[0m[0m restrict_public_buckets = true
    }

[1m  # module.s3_backend.aws_s3_bucket_server_side_encryption_configuration.terraform_state[0m will be created
[0m  [32m+[0m[0m resource "aws_s3_bucket_server_side_encryption_configuration" "terraform_state" {
      [32m+[0m[0m bucket = "terraform-state-bucket-6590"
      [32m+[0m[0m id     = (known after apply)
      [32m+[0m[0m region = "eu-west-1"

      [32m+[0m[0m rule {
          [32m+[0m[0m blocked_encryption_types = (known after apply)
          [32m+[0m[0m bucket_key_enabled       = (known after apply)

          [32m+[0m[0m apply_server_side_encryption_by_default {
              [32m+[0m[0m kms_master_key_id = (known after apply)
              [32m+[0m[0m sse_algorithm     = "AES256"
            }
        }
    }

[1m  # module.s3_backend.aws_s3_bucket_versioning.terraform_state_versioning[0m will be created
[0m  [32m+[0m[0m resource "aws_s3_bucket_versioning" "terraform_state_versioning" {
      [32m+[0m[0m bucket = "terraform-state-bucket-6590"
      [32m+[0m[0m id     = (known after apply)
      [32m+[0m[0m region = "eu-west-1"

      [32m+[0m[0m versioning_configuration {
          [32m+[0m[0m mfa_delete = (known after apply)
          [32m+[0m[0m status     = "Enabled"
        }
    }

[1m  # module.vpc.aws_eip.nat[0][0m will be created
[0m  [32m+[0m[0m resource "aws_eip" "nat" {
      [32m+[0m[0m allocation_id        = (known after apply)
      [32m+[0m[0m arn                  = (known after apply)
      [32m+[0m[0m association_id       = (known after apply)
      [32m+[0m[0m carrier_ip           = (known after apply)
      [32m+[0m[0m customer_owned_ip    = (known after apply)
      [32m+[0m[0m domain               = "vpc"
      [32m+[0m[0m id                   = (known after apply)
      [32m+[0m[0m instance             = (known after apply)
      [32m+[0m[0m ipam_pool_id         = (known after apply)
      [32m+[0m[0m network_border_group = (known after apply)
      [32m+[0m[0m network_interface    = (known after apply)
      [32m+[0m[0m private_dns          = (known after apply)
      [32m+[0m[0m private_ip           = (known after apply)
      [32m+[0m[0m ptr_record           = (known after apply)
      [32m+[0m[0m public_dns           = (known after apply)
      [32m+[0m[0m public_ip            = (known after apply)
      [32m+[0m[0m public_ipv4_pool     = (known after apply)
      [32m+[0m[0m region               = "eu-west-1"
      [32m+[0m[0m tags                 = {
          [32m+[0m[0m "Name" = "vpc-eip-1"
        }
      [32m+[0m[0m tags_all             = {
          [32m+[0m[0m "Name" = "vpc-eip-1"
        }
    }

[1m  # module.vpc.aws_eip.nat[1][0m will be created
[0m  [32m+[0m[0m resource "aws_eip" "nat" {
      [32m+[0m[0m allocation_id        = (known after apply)
      [32m+[0m[0m arn                  = (known after apply)
      [32m+[0m[0m association_id       = (known after apply)
      [32m+[0m[0m carrier_ip           = (known after apply)
      [32m+[0m[0m customer_owned_ip    = (known after apply)
      [32m+[0m[0m domain               = "vpc"
      [32m+[0m[0m id                   = (known after apply)
      [32m+[0m[0m instance             = (known after apply)
      [32m+[0m[0m ipam_pool_id         = (known after apply)
      [32m+[0m[0m network_border_group = (known after apply)
      [32m+[0m[0m network_interface    = (known after apply)
      [32m+[0m[0m private_dns          = (known after apply)
      [32m+[0m[0m private_ip           = (known after apply)
      [32m+[0m[0m ptr_record           = (known after apply)
      [32m+[0m[0m public_dns           = (known after apply)
      [32m+[0m[0m public_ip            = (known after apply)
      [32m+[0m[0m public_ipv4_pool     = (known after apply)
      [32m+[0m[0m region               = "eu-west-1"
      [32m+[0m[0m tags                 = {
          [32m+[0m[0m "Name" = "vpc-eip-2"
        }
      [32m+[0m[0m tags_all             = {
          [32m+[0m[0m "Name" = "vpc-eip-2"
        }
    }

[1m  # module.vpc.aws_eip.nat[2][0m will be created
[0m  [32m+[0m[0m resource "aws_eip" "nat" {
      [32m+[0m[0m allocation_id        = (known after apply)
      [32m+[0m[0m arn                  = (known after apply)
      [32m+[0m[0m association_id       = (known after apply)
      [32m+[0m[0m carrier_ip           = (known after apply)
      [32m+[0m[0m customer_owned_ip    = (known after apply)
      [32m+[0m[0m domain               = "vpc"
      [32m+[0m[0m id                   = (known after apply)
      [32m+[0m[0m instance             = (known after apply)
      [32m+[0m[0m ipam_pool_id         = (known after apply)
      [32m+[0m[0m network_border_group = (known after apply)
      [32m+[0m[0m network_interface    = (known after apply)
      [32m+[0m[0m private_dns          = (known after apply)
      [32m+[0m[0m private_ip           = (known after apply)
      [32m+[0m[0m ptr_record           = (known after apply)
      [32m+[0m[0m public_dns           = (known after apply)
      [32m+[0m[0m public_ip            = (known after apply)
      [32m+[0m[0m public_ipv4_pool     = (known after apply)
      [32m+[0m[0m region               = "eu-west-1"
      [32m+[0m[0m tags                 = {
          [32m+[0m[0m "Name" = "vpc-eip-3"
        }
      [32m+[0m[0m tags_all             = {
          [32m+[0m[0m "Name" = "vpc-eip-3"
        }
    }

[1m  # module.vpc.aws_internet_gateway.igw[0m will be created
[0m  [32m+[0m[0m resource "aws_internet_gateway" "igw" {
      [32m+[0m[0m arn      = (known after apply)
      [32m+[0m[0m id       = (known after apply)
      [32m+[0m[0m owner_id = (known after apply)
      [32m+[0m[0m region   = "eu-west-1"
      [32m+[0m[0m tags     = {
          [32m+[0m[0m "Name" = "vpc-igw"
        }
      [32m+[0m[0m tags_all = {
          [32m+[0m[0m "Name" = "vpc-igw"
        }
      [32m+[0m[0m vpc_id   = (known after apply)
    }

[1m  # module.vpc.aws_nat_gateway.nat[0][0m will be created
[0m  [32m+[0m[0m resource "aws_nat_gateway" "nat" {
      [32m+[0m[0m allocation_id                      = (known after apply)
      [32m+[0m[0m association_id                     = (known after apply)
      [32m+[0m[0m auto_provision_zones               = (known after apply)
      [32m+[0m[0m auto_scaling_ips                   = (known after apply)
      [32m+[0m[0m availability_mode                  = (known after apply)
      [32m+[0m[0m connectivity_type                  = "public"
      [32m+[0m[0m id                                 = (known after apply)
      [32m+[0m[0m network_interface_id               = (known after apply)
      [32m+[0m[0m private_ip                         = (known after apply)
      [32m+[0m[0m public_ip                          = (known after apply)
      [32m+[0m[0m region                             = "eu-west-1"
      [32m+[0m[0m regional_nat_gateway_address       = (known after apply)
      [32m+[0m[0m regional_nat_gateway_auto_mode     = (known after apply)
      [32m+[0m[0m route_table_id                     = (known after apply)
      [32m+[0m[0m secondary_allocation_ids           = (known after apply)
      [32m+[0m[0m secondary_private_ip_address_count = (known after apply)
      [32m+[0m[0m secondary_private_ip_addresses     = (known after apply)
      [32m+[0m[0m subnet_id                          = (known after apply)
      [32m+[0m[0m tags                               = {
          [32m+[0m[0m "Name" = "vpc-nat-1"
        }
      [32m+[0m[0m tags_all                           = {
          [32m+[0m[0m "Name" = "vpc-nat-1"
        }
      [32m+[0m[0m vpc_id                             = (known after apply)
    }

[1m  # module.vpc.aws_nat_gateway.nat[1][0m will be created
[0m  [32m+[0m[0m resource "aws_nat_gateway" "nat" {
      [32m+[0m[0m allocation_id                      = (known after apply)
      [32m+[0m[0m association_id                     = (known after apply)
      [32m+[0m[0m auto_provision_zones               = (known after apply)
      [32m+[0m[0m auto_scaling_ips                   = (known after apply)
      [32m+[0m[0m availability_mode                  = (known after apply)
      [32m+[0m[0m connectivity_type                  = "public"
      [32m+[0m[0m id                                 = (known after apply)
      [32m+[0m[0m network_interface_id               = (known after apply)
      [32m+[0m[0m private_ip                         = (known after apply)
      [32m+[0m[0m public_ip                          = (known after apply)
      [32m+[0m[0m region                             = "eu-west-1"
      [32m+[0m[0m regional_nat_gateway_address       = (known after apply)
      [32m+[0m[0m regional_nat_gateway_auto_mode     = (known after apply)
      [32m+[0m[0m route_table_id                     = (known after apply)
      [32m+[0m[0m secondary_allocation_ids           = (known after apply)
      [32m+[0m[0m secondary_private_ip_address_count = (known after apply)
      [32m+[0m[0m secondary_private_ip_addresses     = (known after apply)
      [32m+[0m[0m subnet_id                          = (known after apply)
      [32m+[0m[0m tags                               = {
          [32m+[0m[0m "Name" = "vpc-nat-2"
        }
      [32m+[0m[0m tags_all                           = {
          [32m+[0m[0m "Name" = "vpc-nat-2"
        }
      [32m+[0m[0m vpc_id                             = (known after apply)
    }

[1m  # module.vpc.aws_nat_gateway.nat[2][0m will be created
[0m  [32m+[0m[0m resource "aws_nat_gateway" "nat" {
      [32m+[0m[0m allocation_id                      = (known after apply)
      [32m+[0m[0m association_id                     = (known after apply)
      [32m+[0m[0m auto_provision_zones               = (known after apply)
      [32m+[0m[0m auto_scaling_ips                   = (known after apply)
      [32m+[0m[0m availability_mode                  = (known after apply)
      [32m+[0m[0m connectivity_type                  = "public"
      [32m+[0m[0m id                                 = (known after apply)
      [32m+[0m[0m network_interface_id               = (known after apply)
      [32m+[0m[0m private_ip                         = (known after apply)
      [32m+[0m[0m public_ip                          = (known after apply)
      [32m+[0m[0m region                             = "eu-west-1"
      [32m+[0m[0m regional_nat_gateway_address       = (known after apply)
      [32m+[0m[0m regional_nat_gateway_auto_mode     = (known after apply)
      [32m+[0m[0m route_table_id                     = (known after apply)
      [32m+[0m[0m secondary_allocation_ids           = (known after apply)
      [32m+[0m[0m secondary_private_ip_address_count = (known after apply)
      [32m+[0m[0m secondary_private_ip_addresses     = (known after apply)
      [32m+[0m[0m subnet_id                          = (known after apply)
      [32m+[0m[0m tags                               = {
          [32m+[0m[0m "Name" = "vpc-nat-3"
        }
      [32m+[0m[0m tags_all                           = {
          [32m+[0m[0m "Name" = "vpc-nat-3"
        }
      [32m+[0m[0m vpc_id                             = (known after apply)
    }

[1m  # module.vpc.aws_route.private_nat[0][0m will be created
[0m  [32m+[0m[0m resource "aws_route" "private_nat" {
      [32m+[0m[0m destination_cidr_block = "0.0.0.0/0"
      [32m+[0m[0m id                     = (known after apply)
      [32m+[0m[0m instance_id            = (known after apply)
      [32m+[0m[0m instance_owner_id      = (known after apply)
      [32m+[0m[0m nat_gateway_id         = (known after apply)
      [32m+[0m[0m network_interface_id   = (known after apply)
      [32m+[0m[0m origin                 = (known after apply)
      [32m+[0m[0m region                 = "eu-west-1"
      [32m+[0m[0m route_table_id         = (known after apply)
      [32m+[0m[0m state                  = (known after apply)
    }

[1m  # module.vpc.aws_route.private_nat[1][0m will be created
[0m  [32m+[0m[0m resource "aws_route" "private_nat" {
      [32m+[0m[0m destination_cidr_block = "0.0.0.0/0"
      [32m+[0m[0m id                     = (known after apply)
      [32m+[0m[0m instance_id            = (known after apply)
      [32m+[0m[0m instance_owner_id      = (known after apply)
      [32m+[0m[0m nat_gateway_id         = (known after apply)
      [32m+[0m[0m network_interface_id   = (known after apply)
      [32m+[0m[0m origin                 = (known after apply)
      [32m+[0m[0m region                 = "eu-west-1"
      [32m+[0m[0m route_table_id         = (known after apply)
      [32m+[0m[0m state                  = (known after apply)
    }

[1m  # module.vpc.aws_route.private_nat[2][0m will be created
[0m  [32m+[0m[0m resource "aws_route" "private_nat" {
      [32m+[0m[0m destination_cidr_block = "0.0.0.0/0"
      [32m+[0m[0m id                     = (known after apply)
      [32m+[0m[0m instance_id            = (known after apply)
      [32m+[0m[0m instance_owner_id      = (known after apply)
      [32m+[0m[0m nat_gateway_id         = (known after apply)
      [32m+[0m[0m network_interface_id   = (known after apply)
      [32m+[0m[0m origin                 = (known after apply)
      [32m+[0m[0m region                 = "eu-west-1"
      [32m+[0m[0m route_table_id         = (known after apply)
      [32m+[0m[0m state                  = (known after apply)
    }

[1m  # module.vpc.aws_route.public_internet[0m will be created
[0m  [32m+[0m[0m resource "aws_route" "public_internet" {
      [32m+[0m[0m destination_cidr_block = "0.0.0.0/0"
      [32m+[0m[0m gateway_id             = (known after apply)
      [32m+[0m[0m id                     = (known after apply)
      [32m+[0m[0m instance_id            = (known after apply)
      [32m+[0m[0m instance_owner_id      = (known after apply)
      [32m+[0m[0m network_interface_id   = (known after apply)
      [32m+[0m[0m origin                 = (known after apply)
      [32m+[0m[0m region                 = "eu-west-1"
      [32m+[0m[0m route_table_id         = (known after apply)
      [32m+[0m[0m state                  = (known after apply)
    }

[1m  # module.vpc.aws_route_table.private[0][0m will be created
[0m  [32m+[0m[0m resource "aws_route_table" "private" {
      [32m+[0m[0m arn              = (known after apply)
      [32m+[0m[0m id               = (known after apply)
      [32m+[0m[0m owner_id         = (known after apply)
      [32m+[0m[0m propagating_vgws = (known after apply)
      [32m+[0m[0m region           = "eu-west-1"
      [32m+[0m[0m route            = (known after apply)
      [32m+[0m[0m tags             = {
          [32m+[0m[0m "Name" = "vpc-private-rt-1"
        }
      [32m+[0m[0m tags_all         = {
          [32m+[0m[0m "Name" = "vpc-private-rt-1"
        }
      [32m+[0m[0m vpc_id           = (known after apply)
    }

[1m  # module.vpc.aws_route_table.private[1][0m will be created
[0m  [32m+[0m[0m resource "aws_route_table" "private" {
      [32m+[0m[0m arn              = (known after apply)
      [32m+[0m[0m id               = (known after apply)
      [32m+[0m[0m owner_id         = (known after apply)
      [32m+[0m[0m propagating_vgws = (known after apply)
      [32m+[0m[0m region           = "eu-west-1"
      [32m+[0m[0m route            = (known after apply)
      [32m+[0m[0m tags             = {
          [32m+[0m[0m "Name" = "vpc-private-rt-2"
        }
      [32m+[0m[0m tags_all         = {
          [32m+[0m[0m "Name" = "vpc-private-rt-2"
        }
      [32m+[0m[0m vpc_id           = (known after apply)
    }

[1m  # module.vpc.aws_route_table.private[2][0m will be created
[0m  [32m+[0m[0m resource "aws_route_table" "private" {
      [32m+[0m[0m arn              = (known after apply)
      [32m+[0m[0m id               = (known after apply)
      [32m+[0m[0m owner_id         = (known after apply)
      [32m+[0m[0m propagating_vgws = (known after apply)
      [32m+[0m[0m region           = "eu-west-1"
      [32m+[0m[0m route            = (known after apply)
      [32m+[0m[0m tags             = {
          [32m+[0m[0m "Name" = "vpc-private-rt-3"
        }
      [32m+[0m[0m tags_all         = {
          [32m+[0m[0m "Name" = "vpc-private-rt-3"
        }
      [32m+[0m[0m vpc_id           = (known after apply)
    }

[1m  # module.vpc.aws_route_table.public[0m will be created
[0m  [32m+[0m[0m resource "aws_route_table" "public" {
      [32m+[0m[0m arn              = (known after apply)
      [32m+[0m[0m id               = (known after apply)
      [32m+[0m[0m owner_id         = (known after apply)
      [32m+[0m[0m propagating_vgws = (known after apply)
      [32m+[0m[0m region           = "eu-west-1"
      [32m+[0m[0m route            = (known after apply)
      [32m+[0m[0m tags             = {
          [32m+[0m[0m "Name" = "vpc-public-rt"
        }
      [32m+[0m[0m tags_all         = {
          [32m+[0m[0m "Name" = "vpc-public-rt"
        }
      [32m+[0m[0m vpc_id           = (known after apply)
    }

[1m  # module.vpc.aws_route_table_association.private[0][0m will be created
[0m  [32m+[0m[0m resource "aws_route_table_association" "private" {
      [32m+[0m[0m id             = (known after apply)
      [32m+[0m[0m region         = "eu-west-1"
      [32m+[0m[0m route_table_id = (known after apply)
      [32m+[0m[0m subnet_id      = (known after apply)
    }

[1m  # module.vpc.aws_route_table_association.private[1][0m will be created
[0m  [32m+[0m[0m resource "aws_route_table_association" "private" {
      [32m+[0m[0m id             = (known after apply)
      [32m+[0m[0m region         = "eu-west-1"
      [32m+[0m[0m route_table_id = (known after apply)
      [32m+[0m[0m subnet_id      = (known after apply)
    }

[1m  # module.vpc.aws_route_table_association.private[2][0m will be created
[0m  [32m+[0m[0m resource "aws_route_table_association" "private" {
      [32m+[0m[0m id             = (known after apply)
      [32m+[0m[0m region         = "eu-west-1"
      [32m+[0m[0m route_table_id = (known after apply)
      [32m+[0m[0m subnet_id      = (known after apply)
    }

[1m  # module.vpc.aws_route_table_association.public[0][0m will be created
[0m  [32m+[0m[0m resource "aws_route_table_association" "public" {
      [32m+[0m[0m id             = (known after apply)
      [32m+[0m[0m region         = "eu-west-1"
      [32m+[0m[0m route_table_id = (known after apply)
      [32m+[0m[0m subnet_id      = (known after apply)
    }

[1m  # module.vpc.aws_route_table_association.public[1][0m will be created
[0m  [32m+[0m[0m resource "aws_route_table_association" "public" {
      [32m+[0m[0m id             = (known after apply)
      [32m+[0m[0m region         = "eu-west-1"
      [32m+[0m[0m route_table_id = (known after apply)
      [32m+[0m[0m subnet_id      = (known after apply)
    }

[1m  # module.vpc.aws_route_table_association.public[2][0m will be created
[0m  [32m+[0m[0m resource "aws_route_table_association" "public" {
      [32m+[0m[0m id             = (known after apply)
      [32m+[0m[0m region         = "eu-west-1"
      [32m+[0m[0m route_table_id = (known after apply)
      [32m+[0m[0m subnet_id      = (known after apply)
    }

[1m  # module.vpc.aws_subnet.private[0][0m will be created
[0m  [32m+[0m[0m resource "aws_subnet" "private" {
      [32m+[0m[0m arn                                            = (known after apply)
      [32m+[0m[0m assign_ipv6_address_on_creation                = false
      [32m+[0m[0m availability_zone                              = "eu-west-1a"
      [32m+[0m[0m availability_zone_id                           = (known after apply)
      [32m+[0m[0m cidr_block                                     = "10.0.4.0/24"
      [32m+[0m[0m enable_dns64                                   = false
      [32m+[0m[0m enable_resource_name_dns_a_record_on_launch    = false
      [32m+[0m[0m enable_resource_name_dns_aaaa_record_on_launch = false
      [32m+[0m[0m id                                             = (known after apply)
      [32m+[0m[0m ipv6_cidr_block                                = (known after apply)
      [32m+[0m[0m ipv6_cidr_block_association_id                 = (known after apply)
      [32m+[0m[0m ipv6_native                                    = false
      [32m+[0m[0m map_public_ip_on_launch                        = false
      [32m+[0m[0m owner_id                                       = (known after apply)
      [32m+[0m[0m private_dns_hostname_type_on_launch            = (known after apply)
      [32m+[0m[0m region                                         = "eu-west-1"
      [32m+[0m[0m tags                                           = {
          [32m+[0m[0m "Name" = "vpc-private-subnet-1"
        }
      [32m+[0m[0m tags_all                                       = {
          [32m+[0m[0m "Name" = "vpc-private-subnet-1"
        }
      [32m+[0m[0m vpc_id                                         = (known after apply)
    }

[1m  # module.vpc.aws_subnet.private[1][0m will be created
[0m  [32m+[0m[0m resource "aws_subnet" "private" {
      [32m+[0m[0m arn                                            = (known after apply)
      [32m+[0m[0m assign_ipv6_address_on_creation                = false
      [32m+[0m[0m availability_zone                              = "eu-west-1b"
      [32m+[0m[0m availability_zone_id                           = (known after apply)
      [32m+[0m[0m cidr_block                                     = "10.0.5.0/24"
      [32m+[0m[0m enable_dns64                                   = false
      [32m+[0m[0m enable_resource_name_dns_a_record_on_launch    = false
      [32m+[0m[0m enable_resource_name_dns_aaaa_record_on_launch = false
      [32m+[0m[0m id                                             = (known after apply)
      [32m+[0m[0m ipv6_cidr_block                                = (known after apply)
      [32m+[0m[0m ipv6_cidr_block_association_id                 = (known after apply)
      [32m+[0m[0m ipv6_native                                    = false
      [32m+[0m[0m map_public_ip_on_launch                        = false
      [32m+[0m[0m owner_id                                       = (known after apply)
      [32m+[0m[0m private_dns_hostname_type_on_launch            = (known after apply)
      [32m+[0m[0m region                                         = "eu-west-1"
      [32m+[0m[0m tags                                           = {
          [32m+[0m[0m "Name" = "vpc-private-subnet-2"
        }
      [32m+[0m[0m tags_all                                       = {
          [32m+[0m[0m "Name" = "vpc-private-subnet-2"
        }
      [32m+[0m[0m vpc_id                                         = (known after apply)
    }

[1m  # module.vpc.aws_subnet.private[2][0m will be created
[0m  [32m+[0m[0m resource "aws_subnet" "private" {
      [32m+[0m[0m arn                                            = (known after apply)
      [32m+[0m[0m assign_ipv6_address_on_creation                = false
      [32m+[0m[0m availability_zone                              = "eu-west-1c"
      [32m+[0m[0m availability_zone_id                           = (known after apply)
      [32m+[0m[0m cidr_block                                     = "10.0.6.0/24"
      [32m+[0m[0m enable_dns64                                   = false
      [32m+[0m[0m enable_resource_name_dns_a_record_on_launch    = false
      [32m+[0m[0m enable_resource_name_dns_aaaa_record_on_launch = false
      [32m+[0m[0m id                                             = (known after apply)
      [32m+[0m[0m ipv6_cidr_block                                = (known after apply)
      [32m+[0m[0m ipv6_cidr_block_association_id                 = (known after apply)
      [32m+[0m[0m ipv6_native                                    = false
      [32m+[0m[0m map_public_ip_on_launch                        = false
      [32m+[0m[0m owner_id                                       = (known after apply)
      [32m+[0m[0m private_dns_hostname_type_on_launch            = (known after apply)
      [32m+[0m[0m region                                         = "eu-west-1"
      [32m+[0m[0m tags                                           = {
          [32m+[0m[0m "Name" = "vpc-private-subnet-3"
        }
      [32m+[0m[0m tags_all                                       = {
          [32m+[0m[0m "Name" = "vpc-private-subnet-3"
        }
      [32m+[0m[0m vpc_id                                         = (known after apply)
    }

[1m  # module.vpc.aws_subnet.public[0][0m will be created
[0m  [32m+[0m[0m resource "aws_subnet" "public" {
      [32m+[0m[0m arn                                            = (known after apply)
      [32m+[0m[0m assign_ipv6_address_on_creation                = false
      [32m+[0m[0m availability_zone                              = "eu-west-1a"
      [32m+[0m[0m availability_zone_id                           = (known after apply)
      [32m+[0m[0m cidr_block                                     = "10.0.1.0/24"
      [32m+[0m[0m enable_dns64                                   = false
      [32m+[0m[0m enable_resource_name_dns_a_record_on_launch    = false
      [32m+[0m[0m enable_resource_name_dns_aaaa_record_on_launch = false
      [32m+[0m[0m id                                             = (known after apply)
      [32m+[0m[0m ipv6_cidr_block                                = (known after apply)
      [32m+[0m[0m ipv6_cidr_block_association_id                 = (known after apply)
      [32m+[0m[0m ipv6_native                                    = false
      [32m+[0m[0m map_public_ip_on_launch                        = true
      [32m+[0m[0m owner_id                                       = (known after apply)
      [32m+[0m[0m private_dns_hostname_type_on_launch            = (known after apply)
      [32m+[0m[0m region                                         = "eu-west-1"
      [32m+[0m[0m tags                                           = {
          [32m+[0m[0m "Name" = "vpc-public-subnet-1"
        }
      [32m+[0m[0m tags_all                                       = {
          [32m+[0m[0m "Name" = "vpc-public-subnet-1"
        }
      [32m+[0m[0m vpc_id                                         = (known after apply)
    }

[1m  # module.vpc.aws_subnet.public[1][0m will be created
[0m  [32m+[0m[0m resource "aws_subnet" "public" {
      [32m+[0m[0m arn                                            = (known after apply)
      [32m+[0m[0m assign_ipv6_address_on_creation                = false
      [32m+[0m[0m availability_zone                              = "eu-west-1b"
      [32m+[0m[0m availability_zone_id                           = (known after apply)
      [32m+[0m[0m cidr_block                                     = "10.0.2.0/24"
      [32m+[0m[0m enable_dns64                                   = false
      [32m+[0m[0m enable_resource_name_dns_a_record_on_launch    = false
      [32m+[0m[0m enable_resource_name_dns_aaaa_record_on_launch = false
      [32m+[0m[0m id                                             = (known after apply)
      [32m+[0m[0m ipv6_cidr_block                                = (known after apply)
      [32m+[0m[0m ipv6_cidr_block_association_id                 = (known after apply)
      [32m+[0m[0m ipv6_native                                    = false
      [32m+[0m[0m map_public_ip_on_launch                        = true
      [32m+[0m[0m owner_id                                       = (known after apply)
      [32m+[0m[0m private_dns_hostname_type_on_launch            = (known after apply)
      [32m+[0m[0m region                                         = "eu-west-1"
      [32m+[0m[0m tags                                           = {
          [32m+[0m[0m "Name" = "vpc-public-subnet-2"
        }
      [32m+[0m[0m tags_all                                       = {
          [32m+[0m[0m "Name" = "vpc-public-subnet-2"
        }
      [32m+[0m[0m vpc_id                                         = (known after apply)
    }

[1m  # module.vpc.aws_subnet.public[2][0m will be created
[0m  [32m+[0m[0m resource "aws_subnet" "public" {
      [32m+[0m[0m arn                                            = (known after apply)
      [32m+[0m[0m assign_ipv6_address_on_creation                = false
      [32m+[0m[0m availability_zone                              = "eu-west-1c"
      [32m+[0m[0m availability_zone_id                           = (known after apply)
      [32m+[0m[0m cidr_block                                     = "10.0.3.0/24"
      [32m+[0m[0m enable_dns64                                   = false
      [32m+[0m[0m enable_resource_name_dns_a_record_on_launch    = false
      [32m+[0m[0m enable_resource_name_dns_aaaa_record_on_launch = false
      [32m+[0m[0m id                                             = (known after apply)
      [32m+[0m[0m ipv6_cidr_block                                = (known after apply)
      [32m+[0m[0m ipv6_cidr_block_association_id                 = (known after apply)
      [32m+[0m[0m ipv6_native                                    = false
      [32m+[0m[0m map_public_ip_on_launch                        = true
      [32m+[0m[0m owner_id                                       = (known after apply)
      [32m+[0m[0m private_dns_hostname_type_on_launch            = (known after apply)
      [32m+[0m[0m region                                         = "eu-west-1"
      [32m+[0m[0m tags                                           = {
          [32m+[0m[0m "Name" = "vpc-public-subnet-3"
        }
      [32m+[0m[0m tags_all                                       = {
          [32m+[0m[0m "Name" = "vpc-public-subnet-3"
        }
      [32m+[0m[0m vpc_id                                         = (known after apply)
    }

[1m  # module.vpc.aws_vpc.main[0m will be created
[0m  [32m+[0m[0m resource "aws_vpc" "main" {
      [32m+[0m[0m arn                                  = (known after apply)
      [32m+[0m[0m cidr_block                           = "10.0.0.0/16"
      [32m+[0m[0m default_network_acl_id               = (known after apply)
      [32m+[0m[0m default_route_table_id               = (known after apply)
      [32m+[0m[0m default_security_group_id            = (known after apply)
      [32m+[0m[0m dhcp_options_id                      = (known after apply)
      [32m+[0m[0m enable_dns_hostnames                 = true
      [32m+[0m[0m enable_dns_support                   = true
      [32m+[0m[0m enable_network_address_usage_metrics = (known after apply)
      [32m+[0m[0m id                                   = (known after apply)
      [32m+[0m[0m instance_tenancy                     = "default"
      [32m+[0m[0m ipv6_association_id                  = (known after apply)
      [32m+[0m[0m ipv6_cidr_block                      = (known after apply)
      [32m+[0m[0m ipv6_cidr_block_network_border_group = (known after apply)
      [32m+[0m[0m main_route_table_id                  = (known after apply)
      [32m+[0m[0m owner_id                             = (known after apply)
      [32m+[0m[0m region                               = "eu-west-1"
      [32m+[0m[0m tags                                 = {
          [32m+[0m[0m "Name" = "vpc-vpc"
        }
      [32m+[0m[0m tags_all                             = {
          [32m+[0m[0m "Name" = "vpc-vpc"
        }
    }

[1mPlan:[0m [0m35 to add, 0 to change, 0 to destroy.

Changes to Outputs:
  [32m+[0m[0m dynamodb_table_name = "terraform-locks"
  [32m+[0m[0m s3_bucket_name      = "terraform-state-bucket-6590"
[0m[1m
Do you want to perform these actions?[0m
  Terraform will perform the actions described above.
  Only 'yes' will be accepted to approve.

  [1mEnter a value:[0m [0m
[0m[1mmodule.ecr.aws_ecr_registry_policy.example: Creating...[0m[0m
[0m[1mmodule.vpc.aws_vpc.main: Creating...[0m[0m
[0m[1mmodule.s3_backend.aws_s3_bucket_public_access_block.terraform_state: Creating...[0m[0m
[0m[1mmodule.s3_backend.aws_s3_bucket_versioning.terraform_state_versioning: Creating...[0m[0m
[0m[1mmodule.s3_backend.aws_s3_bucket_server_side_encryption_configuration.terraform_state: Creating...[0m[0m
[0m[1mmodule.s3_backend.aws_s3_bucket_ownership_controls.terraform_state_ownership: Creating...[0m[0m
[0m[1mmodule.ecr.aws_ecr_repository.ecr: Creating...[0m[0m
[0m[1mmodule.s3_backend.aws_dynamodb_table.terraform_locks: Creating...[0m[0m
[0m[1mmodule.ecr.aws_ecr_registry_policy.example: Creation complete after 1s [id=460589479898][0m
[0m[1mmodule.ecr.aws_ecr_repository.ecr: Creation complete after 1s [id=lesson-5-ecr][0m
[0m[1mmodule.s3_backend.aws_s3_bucket_public_access_block.terraform_state: Creation complete after 1s [id=terraform-state-bucket-6590][0m
[0m[1mmodule.s3_backend.aws_s3_bucket_server_side_encryption_configuration.terraform_state: Creation complete after 1s [id=terraform-state-bucket-6590][0m
[0m[1mmodule.s3_backend.aws_s3_bucket_ownership_controls.terraform_state_ownership: Creation complete after 1s [id=terraform-state-bucket-6590][0m
[0m[1mmodule.s3_backend.aws_s3_bucket_versioning.terraform_state_versioning: Creation complete after 2s [id=terraform-state-bucket-6590][0m
[0m[1mmodule.vpc.aws_vpc.main: Creation complete after 2s [id=vpc-0609816cb73668a28][0m
[0m[1mmodule.vpc.aws_subnet.private[2]: Creating...[0m[0m
[0m[1mmodule.vpc.aws_route_table.public: Creating...[0m[0m
[0m[1mmodule.vpc.aws_subnet.public[2]: Creating...[0m[0m
[0m[1mmodule.vpc.aws_internet_gateway.igw: Creating...[0m[0m
[0m[1mmodule.vpc.aws_route_table.private[0]: Creating...[0m[0m
[0m[1mmodule.vpc.aws_subnet.private[0]: Creating...[0m[0m
[0m[1mmodule.vpc.aws_subnet.public[0]: Creating...[0m[0m
[0m[1mmodule.vpc.aws_route_table.private[2]: Creating...[0m[0m
[0m[1mmodule.vpc.aws_subnet.public[1]: Creating...[0m[0m
[0m[1mmodule.vpc.aws_internet_gateway.igw: Creation complete after 1s [id=igw-0362ed90aaa0771f7][0m
[0m[1mmodule.vpc.aws_route_table.private[1]: Creating...[0m[0m
[0m[1mmodule.vpc.aws_route_table.public: Creation complete after 1s [id=rtb-05251dbf136b1ad10][0m
[0m[1mmodule.vpc.aws_subnet.private[1]: Creating...[0m[0m
[0m[1mmodule.vpc.aws_route_table.private[2]: Creation complete after 1s [id=rtb-075f9d09be0c49cea][0m
[0m[1mmodule.vpc.aws_route_table.private[0]: Creation complete after 1s [id=rtb-02d7367b19de2ec6e][0m
[0m[1mmodule.vpc.aws_eip.nat[2]: Creating...[0m[0m
[0m[1mmodule.vpc.aws_eip.nat[1]: Creating...[0m[0m
[0m[1mmodule.vpc.aws_subnet.private[2]: Creation complete after 1s [id=subnet-0d45d7e4d7df80a95][0m
[0m[1mmodule.vpc.aws_eip.nat[0]: Creating...[0m[0m
[0m[1mmodule.vpc.aws_route_table.private[1]: Creation complete after 0s [id=rtb-0325e116991e37db1][0m
[0m[1mmodule.vpc.aws_route.public_internet: Creating...[0m[0m
[0m[1mmodule.vpc.aws_subnet.private[1]: Creation complete after 0s [id=subnet-03223bc602940b139][0m
[0m[1mmodule.vpc.aws_eip.nat[1]: Creation complete after 1s [id=eipalloc-04318604a2ea1a2bd][0m
[0m[1mmodule.vpc.aws_eip.nat[2]: Creation complete after 1s [id=eipalloc-0a3330d1f17325356][0m
[0m[1mmodule.vpc.aws_route.public_internet: Creation complete after 1s [id=r-rtb-05251dbf136b1ad101080289494][0m
[0m[1mmodule.vpc.aws_eip.nat[0]: Creation complete after 1s [id=eipalloc-057073f80e3dc7d1c][0m
[0m[1mmodule.vpc.aws_subnet.private[0]: Creation complete after 3s [id=subnet-029f80ac0a62312fd][0m
[0m[1mmodule.vpc.aws_route_table_association.private[2]: Creating...[0m[0m
[0m[1mmodule.vpc.aws_route_table_association.private[1]: Creating...[0m[0m
[0m[1mmodule.vpc.aws_route_table_association.private[0]: Creating...[0m[0m
[0m[1mmodule.vpc.aws_route_table_association.private[0]: Creation complete after 0s [id=rtbassoc-018f623d6455741ec][0m
[0m[1mmodule.vpc.aws_route_table_association.private[1]: Creation complete after 0s [id=rtbassoc-08eb753dc2f03ee50][0m
[0m[1mmodule.vpc.aws_route_table_association.private[2]: Creation complete after 1s [id=rtbassoc-0a1654ab6118be7c3][0m
[0m[1mmodule.s3_backend.aws_dynamodb_table.terraform_locks: Still creating... [00m10s elapsed][0m[0m
[0m[1mmodule.s3_backend.aws_dynamodb_table.terraform_locks: Creation complete after 11s [id=terraform-locks][0m
[0m[1mmodule.vpc.aws_subnet.public[1]: Still creating... [00m10s elapsed][0m[0m
[0m[1mmodule.vpc.aws_subnet.public[0]: Still creating... [00m10s elapsed][0m[0m
[0m[1mmodule.vpc.aws_subnet.public[2]: Still creating... [00m10s elapsed][0m[0m
[0m[1mmodule.vpc.aws_subnet.public[2]: Creation complete after 11s [id=subnet-00f2d110e4f0fc3b8][0m
[0m[1mmodule.vpc.aws_subnet.public[0]: Creation complete after 11s [id=subnet-071864c894536a2e3][0m
[0m[1mmodule.vpc.aws_subnet.public[1]: Creation complete after 14s [id=subnet-0399818246826593e][0m
[0m[1mmodule.vpc.aws_route_table_association.public[0]: Creating...[0m[0m
[0m[1mmodule.vpc.aws_route_table_association.public[2]: Creating...[0m[0m
[0m[1mmodule.vpc.aws_route_table_association.public[1]: Creating...[0m[0m
[0m[1mmodule.vpc.aws_nat_gateway.nat[2]: Creating...[0m[0m
[0m[1mmodule.vpc.aws_nat_gateway.nat[0]: Creating...[0m[0m
[0m[1mmodule.vpc.aws_nat_gateway.nat[1]: Creating...[0m[0m
[0m[1mmodule.vpc.aws_route_table_association.public[0]: Creation complete after 1s [id=rtbassoc-03b4ad4b64aea6523][0m
[0m[1mmodule.vpc.aws_route_table_association.public[1]: Creation complete after 1s [id=rtbassoc-0f9cac98dd0d58872][0m
[0m[1mmodule.vpc.aws_route_table_association.public[2]: Creation complete after 1s [id=rtbassoc-097e8aad111449787][0m
[0m[1mmodule.vpc.aws_nat_gateway.nat[0]: Still creating... [00m10s elapsed][0m[0m
[0m[1mmodule.vpc.aws_nat_gateway.nat[2]: Still creating... [00m10s elapsed][0m[0m
[0m[1mmodule.vpc.aws_nat_gateway.nat[1]: Still creating... [00m10s elapsed][0m[0m
[0m[1mmodule.vpc.aws_nat_gateway.nat[0]: Still creating... [00m20s elapsed][0m[0m
[0m[1mmodule.vpc.aws_nat_gateway.nat[1]: Still creating... [00m20s elapsed][0m[0m
[0m[1mmodule.vpc.aws_nat_gateway.nat[2]: Still creating... [00m20s elapsed][0m[0m
[0m[1mmodule.vpc.aws_nat_gateway.nat[2]: Still creating... [00m30s elapsed][0m[0m
[0m[1mmodule.vpc.aws_nat_gateway.nat[1]: Still creating... [00m30s elapsed][0m[0m
[0m[1mmodule.vpc.aws_nat_gateway.nat[0]: Still creating... [00m30s elapsed][0m[0m
[0m[1mmodule.vpc.aws_nat_gateway.nat[0]: Still creating... [00m40s elapsed][0m[0m
[0m[1mmodule.vpc.aws_nat_gateway.nat[1]: Still creating... [00m40s elapsed][0m[0m
[0m[1mmodule.vpc.aws_nat_gateway.nat[2]: Still creating... [00m40s elapsed][0m[0m
[0m[1mmodule.vpc.aws_nat_gateway.nat[2]: Still creating... [00m50s elapsed][0m[0m
[0m[1mmodule.vpc.aws_nat_gateway.nat[0]: Still creating... [00m50s elapsed][0m[0m
[0m[1mmodule.vpc.aws_nat_gateway.nat[1]: Still creating... [00m50s elapsed][0m[0m
[0m[1mmodule.vpc.aws_nat_gateway.nat[1]: Still creating... [01m00s elapsed][0m[0m
[0m[1mmodule.vpc.aws_nat_gateway.nat[2]: Still creating... [01m00s elapsed][0m[0m
[0m[1mmodule.vpc.aws_nat_gateway.nat[0]: Still creating... [01m00s elapsed][0m[0m
[0m[1mmodule.vpc.aws_nat_gateway.nat[0]: Still creating... [01m10s elapsed][0m[0m
[0m[1mmodule.vpc.aws_nat_gateway.nat[1]: Still creating... [01m10s elapsed][0m[0m
[0m[1mmodule.vpc.aws_nat_gateway.nat[2]: Still creating... [01m10s elapsed][0m[0m
[0m[1mmodule.vpc.aws_nat_gateway.nat[2]: Still creating... [01m20s elapsed][0m[0m
[0m[1mmodule.vpc.aws_nat_gateway.nat[0]: Still creating... [01m20s elapsed][0m[0m
[0m[1mmodule.vpc.aws_nat_gateway.nat[1]: Still creating... [01m20s elapsed][0m[0m
[0m[1mmodule.vpc.aws_nat_gateway.nat[1]: Still creating... [01m30s elapsed][0m[0m
[0m[1mmodule.vpc.aws_nat_gateway.nat[2]: Still creating... [01m30s elapsed][0m[0m
[0m[1mmodule.vpc.aws_nat_gateway.nat[0]: Still creating... [01m30s elapsed][0m[0m
[0m[1mmodule.vpc.aws_nat_gateway.nat[2]: Creation complete after 1m34s [id=nat-0f9c4594abff22ff2][0m
[0m[1mmodule.vpc.aws_nat_gateway.nat[0]: Creation complete after 1m34s [id=nat-0179d177e859a7d2f][0m
[0m[1mmodule.vpc.aws_nat_gateway.nat[1]: Creation complete after 1m34s [id=nat-05a453d54b9c85102][0m
[0m[1mmodule.vpc.aws_route.private_nat[2]: Creating...[0m[0m
[0m[1mmodule.vpc.aws_route.private_nat[1]: Creating...[0m[0m
[0m[1mmodule.vpc.aws_route.private_nat[0]: Creating...[0m[0m
[0m[1mmodule.vpc.aws_route.private_nat[1]: Creation complete after 1s [id=r-rtb-0325e116991e37db11080289494][0m
[0m[1mmodule.vpc.aws_route.private_nat[0]: Creation complete after 1s [id=r-rtb-02d7367b19de2ec6e1080289494][0m
[0m[1mmodule.vpc.aws_route.private_nat[2]: Creation complete after 1s [id=r-rtb-075f9d09be0c49cea1080289494][0m
[0m[1m[32m
Apply complete! Resources: 35 added, 0 changed, 0 destroyed.[0m
[0m[1m[32m
Outputs:

[0mdynamodb_table_name = "terraform-locks"
s3_bucket_name = "terraform-state-bucket-6590"
